[23:55:46.349] Global cache location 'C:/Users/raisa/AppData/Local/Microsoft/TypeScript/4.6', safe file path 'c:/users/raisa/appdata/roaming/npm/node_modules/typescript/lib/typingsafelist.json', types map path c:/users/raisa/appdata/roaming/npm/node_modules/typescript/lib/typesmap.json
[23:55:46.354] Processing cache location 'C:/Users/raisa/AppData/Local/Microsoft/TypeScript/4.6'
[23:55:46.355] Trying to find 'C:/Users/raisa/AppData/Local/Microsoft/TypeScript/4.6/package.json'...
[23:55:46.367] Loaded content of 'C:/Users/raisa/AppData/Local/Microsoft/TypeScript/4.6/package.json': {"private":true,"dependencies":{"types-registry":"^0.1.595"},"devDependencies":{"@types/asap":"^2.0.0","@types/babel__code-frame":"^7.0.3","@types/babel__core":"^7.1.19","@types/babel__generator":"^7.6.4","@types/babel__template":"^7.4.1","@types/babel__traverse":"^7.17.1","@types/balanced-match":"^1.0.2","@types/bcrypt":"^5.0.0","@types/bluebird":"^3.5.36","@types/body-parser":"^1.19.2","@types/brace-expansion":"^1.1.0","@types/bytes":"^3.1.1","@types/call-bind":"^1.0.0","@types/caniuse-lite":"^1.0.1","@types/chai":"^4.3.1","@types/co":"^4.6.3","@types/concat-map":"^0.0.1","@types/config":"^0.0.41","@types/content-disposition":"^0.5.5","@types/content-type":"^1.1.5","@types/cookie":"^0.5.1","@types/cookie-parser":"^1.4.3","@types/cookie-signature":"^1.0.4","@types/cors":"^2.8.12","@types/craco__craco":"^6.4.0","@types/d":"^1.0.1","@types/debug":"^4.1.7","@types/depd":"^1.1.32","@types/destroy":"^1.0.0","@types/detective":"^5.1.2","@types/dom-parser":"^0.1.1","@types/ee-first":"^1.1.0","@types/encodeurl":"^1.0.0","@types/escape-html":"^1.0.2","@types/eslint":"^8.4.2","@types/etag":"^1.8.1","@types/express":"^4.17.13","@types/express-fileupload":"^1.2.2","@types/express-session":"^1.17.4","@types/finalhandler":"^1.1.1","@types/fluent":"^0.11.4","@types/fluent-ffmpeg":"^2.1.20","@types/forwarded":"^0.1.0","@types/fresh":"^0.5.0","@types/function-bind":"^1.1.6","@types/glob":"^7.2.0","@types/has":"^1.0.0","@types/http-errors":"^1.8.2","@types/imagemin":"^8.0.0","@types/imagemin-jpegtran":"^5.0.1","@types/imagemin-mozjpeg":"^8.0.1","@types/imagemin-optipng":"^5.2.1","@types/imagemin-webp":"^7.0.0","@types/immediate":"^3.2.0","@types/inherits":"^0.0.30","@types/isarray":"^2.0.0","@types/jade":"^0.0.31","@types/jsonwebtoken":"^8.5.8","@types/jws":"^3.2.4","@types/lodash":"^4.14.180","@types/lodash.foreach":"^4.5.7","@types/lodash.get":"^4.4.7","@types/lodash.includes":"^4.3.7","@types/lodash.isboolean":"^3.0.7","@types/lodash.isinteger":"^4.0.7","@types/lodash.isnumber":"^3.0.7","@types/lodash.isplainobject":"^4.0.7","@types/lodash.isstring":"^4.0.7","@types/lodash.once":"^4.1.7","@types/media-typer":"^1.1.1","@types/merge-descriptors":"^1.0.1","@types/methods":"^1.1.1","@types/mime":"^2.0.3","@types/mime-db":"^1.43.1","@types/mime-types":"^2.1.1","@types/min-document":"^2.19.0","@types/minimatch":"^3.0.5","@types/mocha":"^9.1.1","@types/mongoose-unique-validator":"^1.0.6","@types/morgan":"^1.9.3","@types/mozjpeg":"^5.0.0","@types/ms":"^0.7.31","@types/node":"^17.0.21","@types/node-fetch":"^2.6.1","@types/nopt":"^3.0.29","@types/npmlog":"^4.1.4","@types/object-assign":"^4.0.30","@types/on-finished":"^2.3.1","@types/once":"^1.4.0","@types/pako":"^2.0.0","@types/parseurl":"^1.3.1","@types/passport":"^1.0.8","@types/passport-jwt":"^3.0.6","@types/passport-local":"^1.0.34","@types/passport-strategy":"^0.2.35","@types/path-is-absolute":"^1.0.0","@types/pause":"^0.1.0","@types/pify":"^5.0.1","@types/prettier":"^2.6.1","@types/proxy-addr":"^2.0.0","@types/puppeteer":"^5.4.6","@types/q":"^1.5.5","@types/qs":"^6.9.7","@types/range-parser":"^1.2.4","@types/react":"^18.0.12","@types/react-burger-menu":"^2.8.3","@types/react-dom":"^18.0.5","@types/react-redux":"^7.1.24","@types/react-router-dom":"^5.3.3","@types/react-spinner":"^0.2.0","@types/readable-stream":"^2.3.13","@types/regenerator-runtime":"^0.13.1","@types/replace-ext":"^2.0.0","@types/rimraf":"^3.0.2","@types/safer-buffer":"^2.1.0","@types/selenium-webdriver":"^4.1.0","@types/semver":"^7.3.9","@types/sequelize":"^4.28.13","@types/serve-static":"^1.13.10","@types/sqlite3":"^3.1.8","@types/statuses":"^2.0.0","@types/strict-uri-encode":"^2.0.0","@types/styled-components":"^5.1.25","@types/tailwindcss":"^3.0.10","@types/testing-library__jest-dom":"^5.14.3","@types/tmp":"^0.2.3","@types/type-is":"^1.6.3","@types/util-deprecate":"^1.0.0","@types/utils-merge":"^0.0.28","@types/vary":"^1.1.0","@types/video-react":"^0.15.0","@types/video.js":"^7.3.40","@types/webpack":"^5.28.0","@types/ws":"^8.5.3","@types/xmldom":"^0.1.31","@types/youtube-player":"^5.5.6"}}
[23:55:46.368] Loaded content of 'C:/Users/raisa/AppData/Local/Microsoft/TypeScript/4.6/package-lock.json'
[23:55:46.399] Adding entry into typings cache: 'asap' => 'C:/Users/raisa/AppData/Local/Microsoft/TypeScript/4.6/node_modules/@types/asap/index.d.ts'
[23:55:46.410] Adding entry into typings cache: 'babel__code-frame' => 'C:/Users/raisa/AppData/Local/Microsoft/TypeScript/4.6/node_modules/@types/babel__code-frame/index.d.ts'
[23:55:46.422] Adding entry into typings cache: 'babel__core' => 'C:/Users/raisa/AppData/Local/Microsoft/TypeScript/4.6/node_modules/@types/babel__core/index.d.ts'
[23:55:46.428] Adding entry into typings cache: 'babel__generator' => 'C:/Users/raisa/AppData/Local/Microsoft/TypeScript/4.6/node_modules/@types/babel__generator/index.d.ts'
[23:55:46.433] Adding entry into typings cache: 'babel__template' => 'C:/Users/raisa/AppData/Local/Microsoft/TypeScript/4.6/node_modules/@types/babel__template/index.d.ts'
[23:55:46.443] Adding entry into typings cache: 'babel__traverse' => 'C:/Users/raisa/AppData/Local/Microsoft/TypeScript/4.6/node_modules/@types/babel__traverse/index.d.ts'
[23:55:46.449] Adding entry into typings cache: 'balanced-match' => 'C:/Users/raisa/AppData/Local/Microsoft/TypeScript/4.6/node_modules/@types/balanced-match/index.d.ts'
[23:55:46.455] Adding entry into typings cache: 'bcrypt' => 'C:/Users/raisa/AppData/Local/Microsoft/TypeScript/4.6/node_modules/@types/bcrypt/index.d.ts'
[23:55:46.466] Adding entry into typings cache: 'bluebird' => 'C:/Users/raisa/AppData/Local/Microsoft/TypeScript/4.6/node_modules/@types/bluebird/index.d.ts'
[23:55:46.478] Adding entry into typings cache: 'body-parser' => 'C:/Users/raisa/AppData/Local/Microsoft/TypeScript/4.6/node_modules/@types/body-parser/index.d.ts'
[23:55:46.484] Adding entry into typings cache: 'brace-expansion' => 'C:/Users/raisa/AppData/Local/Microsoft/TypeScript/4.6/node_modules/@types/brace-expansion/index.d.ts'
[23:55:46.488] Adding entry into typings cache: 'bytes' => 'C:/Users/raisa/AppData/Local/Microsoft/TypeScript/4.6/node_modules/@types/bytes/index.d.ts'
[23:55:46.496] Adding entry into typings cache: 'call-bind' => 'C:/Users/raisa/AppData/Local/Microsoft/TypeScript/4.6/node_modules/@types/call-bind/index.d.ts'
[23:55:46.506] Adding entry into typings cache: 'caniuse-lite' => 'C:/Users/raisa/AppData/Local/Microsoft/TypeScript/4.6/node_modules/@types/caniuse-lite/index.d.ts'
[23:55:46.509] Adding entry into typings cache: 'chai' => 'C:/Users/raisa/AppData/Local/Microsoft/TypeScript/4.6/node_modules/@types/chai/index.d.ts'
[23:55:46.513] Adding entry into typings cache: 'co' => 'C:/Users/raisa/AppData/Local/Microsoft/TypeScript/4.6/node_modules/@types/co/index.d.ts'
[23:55:46.517] Adding entry into typings cache: 'concat-map' => 'C:/Users/raisa/AppData/Local/Microsoft/TypeScript/4.6/node_modules/@types/concat-map/index.d.ts'
[23:55:46.520] Adding entry into typings cache: 'config' => 'C:/Users/raisa/AppData/Local/Microsoft/TypeScript/4.6/node_modules/@types/config/index.d.ts'
[23:55:46.524] Adding entry into typings cache: 'content-disposition' => 'C:/Users/raisa/AppData/Local/Microsoft/TypeScript/4.6/node_modules/@types/content-disposition/index.d.ts'
[23:55:46.527] Adding entry into typings cache: 'content-type' => 'C:/Users/raisa/AppData/Local/Microsoft/TypeScript/4.6/node_modules/@types/content-type/index.d.ts'
[23:55:46.531] Adding entry into typings cache: 'cookie' => 'C:/Users/raisa/AppData/Local/Microsoft/TypeScript/4.6/node_modules/@types/cookie/index.d.ts'
[23:55:46.534] Adding entry into typings cache: 'cookie-parser' => 'C:/Users/raisa/AppData/Local/Microsoft/TypeScript/4.6/node_modules/@types/cookie-parser/index.d.ts'
[23:55:46.537] Adding entry into typings cache: 'cookie-signature' => 'C:/Users/raisa/AppData/Local/Microsoft/TypeScript/4.6/node_modules/@types/cookie-signature/index.d.ts'
[23:55:46.543] Adding entry into typings cache: 'cors' => 'C:/Users/raisa/AppData/Local/Microsoft/TypeScript/4.6/node_modules/@types/cors/index.d.ts'
[23:55:46.547] Adding entry into typings cache: 'craco__craco' => 'C:/Users/raisa/AppData/Local/Microsoft/TypeScript/4.6/node_modules/@types/craco__craco/index.d.ts'
[23:55:46.550] Adding entry into typings cache: 'd' => 'C:/Users/raisa/AppData/Local/Microsoft/TypeScript/4.6/node_modules/@types/d/index.d.ts'
[23:55:46.556] Adding entry into typings cache: 'debug' => 'C:/Users/raisa/AppData/Local/Microsoft/TypeScript/4.6/node_modules/@types/debug/index.d.ts'
[23:55:46.560] Adding entry into typings cache: 'depd' => 'C:/Users/raisa/AppData/Local/Microsoft/TypeScript/4.6/node_modules/@types/depd/index.d.ts'
[23:55:46.564] Adding entry into typings cache: 'destroy' => 'C:/Users/raisa/AppData/Local/Microsoft/TypeScript/4.6/node_modules/@types/destroy/index.d.ts'
[23:55:46.566] Adding entry into typings cache: 'detective' => 'C:/Users/raisa/AppData/Local/Microsoft/TypeScript/4.6/node_modules/@types/detective/index.d.ts'
[23:55:46.570] Adding entry into typings cache: 'dom-parser' => 'C:/Users/raisa/AppData/Local/Microsoft/TypeScript/4.6/node_modules/@types/dom-parser/index.d.ts'
[23:55:46.573] Adding entry into typings cache: 'ee-first' => 'C:/Users/raisa/AppData/Local/Microsoft/TypeScript/4.6/node_modules/@types/ee-first/index.d.ts'
[23:55:46.576] Adding entry into typings cache: 'encodeurl' => 'C:/Users/raisa/AppData/Local/Microsoft/TypeScript/4.6/node_modules/@types/encodeurl/index.d.ts'
[23:55:46.579] Adding entry into typings cache: 'escape-html' => 'C:/Users/raisa/AppData/Local/Microsoft/TypeScript/4.6/node_modules/@types/escape-html/index.d.ts'
[23:55:46.583] Adding entry into typings cache: 'eslint' => 'C:/Users/raisa/AppData/Local/Microsoft/TypeScript/4.6/node_modules/@types/eslint/index.d.ts'
[23:55:46.585] Adding entry into typings cache: 'etag' => 'C:/Users/raisa/AppData/Local/Microsoft/TypeScript/4.6/node_modules/@types/etag/index.d.ts'
[23:55:46.589] Adding entry into typings cache: 'express' => 'C:/Users/raisa/AppData/Local/Microsoft/TypeScript/4.6/node_modules/@types/express/index.d.ts'
[23:55:46.592] Adding entry into typings cache: 'express-fileupload' => 'C:/Users/raisa/AppData/Local/Microsoft/TypeScript/4.6/node_modules/@types/express-fileupload/index.d.ts'
[23:55:46.598] Adding entry into typings cache: 'express-session' => 'C:/Users/raisa/AppData/Local/Microsoft/TypeScript/4.6/node_modules/@types/express-session/index.d.ts'
[23:55:46.603] Adding entry into typings cache: 'finalhandler' => 'C:/Users/raisa/AppData/Local/Microsoft/TypeScript/4.6/node_modules/@types/finalhandler/index.d.ts'
[23:55:46.607] Adding entry into typings cache: 'fluent' => 'C:/Users/raisa/AppData/Local/Microsoft/TypeScript/4.6/node_modules/@types/fluent/index.d.ts'
[23:55:46.611] Adding entry into typings cache: 'fluent-ffmpeg' => 'C:/Users/raisa/AppData/Local/Microsoft/TypeScript/4.6/node_modules/@types/fluent-ffmpeg/index.d.ts'
[23:55:46.614] Adding entry into typings cache: 'forwarded' => 'C:/Users/raisa/AppData/Local/Microsoft/TypeScript/4.6/node_modules/@types/forwarded/index.d.ts'
[23:55:46.617] Adding entry into typings cache: 'fresh' => 'C:/Users/raisa/AppData/Local/Microsoft/TypeScript/4.6/node_modules/@types/fresh/index.d.ts'
[23:55:46.621] Adding entry into typings cache: 'function-bind' => 'C:/Users/raisa/AppData/Local/Microsoft/TypeScript/4.6/node_modules/@types/function-bind/index.d.ts'
[23:55:46.625] Adding entry into typings cache: 'glob' => 'C:/Users/raisa/AppData/Local/Microsoft/TypeScript/4.6/node_modules/@types/glob/index.d.ts'
[23:55:46.630] Adding entry into typings cache: 'has' => 'C:/Users/raisa/AppData/Local/Microsoft/TypeScript/4.6/node_modules/@types/has/index.d.ts'
[23:55:46.634] Adding entry into typings cache: 'http-errors' => 'C:/Users/raisa/AppData/Local/Microsoft/TypeScript/4.6/node_modules/@types/http-errors/index.d.ts'
[23:55:46.638] Adding entry into typings cache: 'imagemin' => 'C:/Users/raisa/AppData/Local/Microsoft/TypeScript/4.6/node_modules/@types/imagemin/index.d.ts'
[23:55:46.641] Adding entry into typings cache: 'imagemin-jpegtran' => 'C:/Users/raisa/AppData/Local/Microsoft/TypeScript/4.6/node_modules/@types/imagemin-jpegtran/index.d.ts'
[23:55:46.646] Adding entry into typings cache: 'imagemin-mozjpeg' => 'C:/Users/raisa/AppData/Local/Microsoft/TypeScript/4.6/node_modules/@types/imagemin-mozjpeg/index.d.ts'
[23:55:46.650] Adding entry into typings cache: 'imagemin-optipng' => 'C:/Users/raisa/AppData/Local/Microsoft/TypeScript/4.6/node_modules/@types/imagemin-optipng/index.d.ts'
[23:55:46.653] Adding entry into typings cache: 'imagemin-webp' => 'C:/Users/raisa/AppData/Local/Microsoft/TypeScript/4.6/node_modules/@types/imagemin-webp/index.d.ts'
[23:55:46.656] Adding entry into typings cache: 'immediate' => 'C:/Users/raisa/AppData/Local/Microsoft/TypeScript/4.6/node_modules/@types/immediate/index.d.ts'
[23:55:46.658] Adding entry into typings cache: 'inherits' => 'C:/Users/raisa/AppData/Local/Microsoft/TypeScript/4.6/node_modules/@types/inherits/index.d.ts'
[23:55:46.662] Adding entry into typings cache: 'isarray' => 'C:/Users/raisa/AppData/Local/Microsoft/TypeScript/4.6/node_modules/@types/isarray/index.d.ts'
[23:55:46.665] Adding entry into typings cache: 'jade' => 'C:/Users/raisa/AppData/Local/Microsoft/TypeScript/4.6/node_modules/@types/jade/index.d.ts'
[23:55:46.671] Adding entry into typings cache: 'jsonwebtoken' => 'C:/Users/raisa/AppData/Local/Microsoft/TypeScript/4.6/node_modules/@types/jsonwebtoken/index.d.ts'
[23:55:46.674] Adding entry into typings cache: 'jws' => 'C:/Users/raisa/AppData/Local/Microsoft/TypeScript/4.6/node_modules/@types/jws/index.d.ts'
[23:55:46.679] Adding entry into typings cache: 'lodash' => 'C:/Users/raisa/AppData/Local/Microsoft/TypeScript/4.6/node_modules/@types/lodash/index.d.ts'
[23:55:46.684] Adding entry into typings cache: 'lodash.foreach' => 'C:/Users/raisa/AppData/Local/Microsoft/TypeScript/4.6/node_modules/@types/lodash.foreach/index.d.ts'
[23:55:46.689] Adding entry into typings cache: 'lodash.get' => 'C:/Users/raisa/AppData/Local/Microsoft/TypeScript/4.6/node_modules/@types/lodash.get/index.d.ts'
[23:55:46.694] Adding entry into typings cache: 'lodash.includes' => 'C:/Users/raisa/AppData/Local/Microsoft/TypeScript/4.6/node_modules/@types/lodash.includes/index.d.ts'
[23:55:46.699] Adding entry into typings cache: 'lodash.isboolean' => 'C:/Users/raisa/AppData/Local/Microsoft/TypeScript/4.6/node_modules/@types/lodash.isboolean/index.d.ts'
[23:55:46.706] Adding entry into typings cache: 'lodash.isinteger' => 'C:/Users/raisa/AppData/Local/Microsoft/TypeScript/4.6/node_modules/@types/lodash.isinteger/index.d.ts'
[23:55:46.710] Adding entry into typings cache: 'lodash.isnumber' => 'C:/Users/raisa/AppData/Local/Microsoft/TypeScript/4.6/node_modules/@types/lodash.isnumber/index.d.ts'
[23:55:46.714] Adding entry into typings cache: 'lodash.isplainobject' => 'C:/Users/raisa/AppData/Local/Microsoft/TypeScript/4.6/node_modules/@types/lodash.isplainobject/index.d.ts'
[23:55:46.717] Adding entry into typings cache: 'lodash.isstring' => 'C:/Users/raisa/AppData/Local/Microsoft/TypeScript/4.6/node_modules/@types/lodash.isstring/index.d.ts'
[23:55:46.721] Adding entry into typings cache: 'lodash.once' => 'C:/Users/raisa/AppData/Local/Microsoft/TypeScript/4.6/node_modules/@types/lodash.once/index.d.ts'
[23:55:46.725] Adding entry into typings cache: 'media-typer' => 'C:/Users/raisa/AppData/Local/Microsoft/TypeScript/4.6/node_modules/@types/media-typer/index.d.ts'
[23:55:46.730] Adding entry into typings cache: 'merge-descriptors' => 'C:/Users/raisa/AppData/Local/Microsoft/TypeScript/4.6/node_modules/@types/merge-descriptors/index.d.ts'
[23:55:46.733] Adding entry into typings cache: 'methods' => 'C:/Users/raisa/AppData/Local/Microsoft/TypeScript/4.6/node_modules/@types/methods/index.d.ts'
[23:55:46.735] Adding entry into typings cache: 'mime' => 'C:/Users/raisa/AppData/Local/Microsoft/TypeScript/4.6/node_modules/@types/mime/index.d.ts'
[23:55:46.746] Adding entry into typings cache: 'mime-db' => 'C:/Users/raisa/AppData/Local/Microsoft/TypeScript/4.6/node_modules/@types/mime-db/index.d.ts'
[23:55:46.755] Adding entry into typings cache: 'mime-types' => 'C:/Users/raisa/AppData/Local/Microsoft/TypeScript/4.6/node_modules/@types/mime-types/index.d.ts'
[23:55:46.760] Adding entry into typings cache: 'min-document' => 'C:/Users/raisa/AppData/Local/Microsoft/TypeScript/4.6/node_modules/@types/min-document/index.d.ts'
[23:55:46.763] Adding entry into typings cache: 'minimatch' => 'C:/Users/raisa/AppData/Local/Microsoft/TypeScript/4.6/node_modules/@types/minimatch/index.d.ts'
[23:55:46.769] Adding entry into typings cache: 'mocha' => 'C:/Users/raisa/AppData/Local/Microsoft/TypeScript/4.6/node_modules/@types/mocha/index.d.ts'
[23:55:46.772] Adding entry into typings cache: 'mongoose-unique-validator' => 'C:/Users/raisa/AppData/Local/Microsoft/TypeScript/4.6/node_modules/@types/mongoose-unique-validator/index.d.ts'
[23:55:46.777] Adding entry into typings cache: 'morgan' => 'C:/Users/raisa/AppData/Local/Microsoft/TypeScript/4.6/node_modules/@types/morgan/index.d.ts'
[23:55:46.781] Adding entry into typings cache: 'mozjpeg' => 'C:/Users/raisa/AppData/Local/Microsoft/TypeScript/4.6/node_modules/@types/mozjpeg/index.d.ts'
[23:55:46.787] Adding entry into typings cache: 'ms' => 'C:/Users/raisa/AppData/Local/Microsoft/TypeScript/4.6/node_modules/@types/ms/index.d.ts'
[23:55:46.795] Adding entry into typings cache: 'node' => 'C:/Users/raisa/AppData/Local/Microsoft/TypeScript/4.6/node_modules/@types/node/index.d.ts'
[23:55:46.799] Adding entry into typings cache: 'node-fetch' => 'C:/Users/raisa/AppData/Local/Microsoft/TypeScript/4.6/node_modules/@types/node-fetch/index.d.ts'
[23:55:46.804] Adding entry into typings cache: 'nopt' => 'C:/Users/raisa/AppData/Local/Microsoft/TypeScript/4.6/node_modules/@types/nopt/index.d.ts'
[23:55:46.808] Adding entry into typings cache: 'npmlog' => 'C:/Users/raisa/AppData/Local/Microsoft/TypeScript/4.6/node_modules/@types/npmlog/index.d.ts'
[23:55:46.812] Adding entry into typings cache: 'object-assign' => 'C:/Users/raisa/AppData/Local/Microsoft/TypeScript/4.6/node_modules/@types/object-assign/index.d.ts'
[23:55:46.816] Adding entry into typings cache: 'on-finished' => 'C:/Users/raisa/AppData/Local/Microsoft/TypeScript/4.6/node_modules/@types/on-finished/index.d.ts'
[23:55:46.821] Adding entry into typings cache: 'once' => 'C:/Users/raisa/AppData/Local/Microsoft/TypeScript/4.6/node_modules/@types/once/index.d.ts'
[23:55:46.825] Adding entry into typings cache: 'pako' => 'C:/Users/raisa/AppData/Local/Microsoft/TypeScript/4.6/node_modules/@types/pako/index.d.ts'
[23:55:46.829] Adding entry into typings cache: 'parseurl' => 'C:/Users/raisa/AppData/Local/Microsoft/TypeScript/4.6/node_modules/@types/parseurl/index.d.ts'
[23:55:46.831] Adding entry into typings cache: 'passport' => 'C:/Users/raisa/AppData/Local/Microsoft/TypeScript/4.6/node_modules/@types/passport/index.d.ts'
[23:55:46.835] Adding entry into typings cache: 'passport-jwt' => 'C:/Users/raisa/AppData/Local/Microsoft/TypeScript/4.6/node_modules/@types/passport-jwt/index.d.ts'
[23:55:46.838] Adding entry into typings cache: 'passport-local' => 'C:/Users/raisa/AppData/Local/Microsoft/TypeScript/4.6/node_modules/@types/passport-local/index.d.ts'
[23:55:46.841] Adding entry into typings cache: 'passport-strategy' => 'C:/Users/raisa/AppData/Local/Microsoft/TypeScript/4.6/node_modules/@types/passport-strategy/index.d.ts'
[23:55:46.849] Adding entry into typings cache: 'path-is-absolute' => 'C:/Users/raisa/AppData/Local/Microsoft/TypeScript/4.6/node_modules/@types/path-is-absolute/index.d.ts'
[23:55:46.853] Adding entry into typings cache: 'pause' => 'C:/Users/raisa/AppData/Local/Microsoft/TypeScript/4.6/node_modules/@types/pause/index.d.ts'
[23:55:46.857] Adding entry into typings cache: 'pify' => 'C:/Users/raisa/AppData/Local/Microsoft/TypeScript/4.6/node_modules/@types/pify/index.d.ts'
[23:55:46.860] Adding entry into typings cache: 'prettier' => 'C:/Users/raisa/AppData/Local/Microsoft/TypeScript/4.6/node_modules/@types/prettier/index.d.ts'
[23:55:46.863] Adding entry into typings cache: 'proxy-addr' => 'C:/Users/raisa/AppData/Local/Microsoft/TypeScript/4.6/node_modules/@types/proxy-addr/index.d.ts'
[23:55:46.867] Adding entry into typings cache: 'puppeteer' => 'C:/Users/raisa/AppData/Local/Microsoft/TypeScript/4.6/node_modules/@types/puppeteer/index.d.ts'
[23:55:46.871] Adding entry into typings cache: 'q' => 'C:/Users/raisa/AppData/Local/Microsoft/TypeScript/4.6/node_modules/@types/q/index.d.ts'
[23:55:46.873] Adding entry into typings cache: 'qs' => 'C:/Users/raisa/AppData/Local/Microsoft/TypeScript/4.6/node_modules/@types/qs/index.d.ts'
[23:55:46.877] Adding entry into typings cache: 'range-parser' => 'C:/Users/raisa/AppData/Local/Microsoft/TypeScript/4.6/node_modules/@types/range-parser/index.d.ts'
[23:55:46.883] Adding entry into typings cache: 'react' => 'C:/Users/raisa/AppData/Local/Microsoft/TypeScript/4.6/node_modules/@types/react/index.d.ts'
[23:55:46.886] Adding entry into typings cache: 'react-burger-menu' => 'C:/Users/raisa/AppData/Local/Microsoft/TypeScript/4.6/node_modules/@types/react-burger-menu/index.d.ts'
[23:55:46.890] Adding entry into typings cache: 'react-dom' => 'C:/Users/raisa/AppData/Local/Microsoft/TypeScript/4.6/node_modules/@types/react-dom/index.d.ts'
[23:55:46.894] Adding entry into typings cache: 'react-redux' => 'C:/Users/raisa/AppData/Local/Microsoft/TypeScript/4.6/node_modules/@types/react-redux/index.d.ts'
[23:55:46.899] Adding entry into typings cache: 'react-router-dom' => 'C:/Users/raisa/AppData/Local/Microsoft/TypeScript/4.6/node_modules/@types/react-router-dom/index.d.ts'
[23:55:46.903] Adding entry into typings cache: 'react-spinner' => 'C:/Users/raisa/AppData/Local/Microsoft/TypeScript/4.6/node_modules/@types/react-spinner/index.d.ts'
[23:55:46.906] Adding entry into typings cache: 'readable-stream' => 'C:/Users/raisa/AppData/Local/Microsoft/TypeScript/4.6/node_modules/@types/readable-stream/index.d.ts'
[23:55:46.913] Adding entry into typings cache: 'regenerator-runtime' => 'C:/Users/raisa/AppData/Local/Microsoft/TypeScript/4.6/node_modules/@types/regenerator-runtime/index.d.ts'
[23:55:46.918] Adding entry into typings cache: 'replace-ext' => 'C:/Users/raisa/AppData/Local/Microsoft/TypeScript/4.6/node_modules/@types/replace-ext/index.d.ts'
[23:55:46.921] Adding entry into typings cache: 'rimraf' => 'C:/Users/raisa/AppData/Local/Microsoft/TypeScript/4.6/node_modules/@types/rimraf/index.d.ts'
[23:55:46.925] Adding entry into typings cache: 'safer-buffer' => 'C:/Users/raisa/AppData/Local/Microsoft/TypeScript/4.6/node_modules/@types/safer-buffer/index.d.ts'
[23:55:46.930] Adding entry into typings cache: 'selenium-webdriver' => 'C:/Users/raisa/AppData/Local/Microsoft/TypeScript/4.6/node_modules/@types/selenium-webdriver/index.d.ts'
[23:55:46.933] Adding entry into typings cache: 'semver' => 'C:/Users/raisa/AppData/Local/Microsoft/TypeScript/4.6/node_modules/@types/semver/index.d.ts'
[23:55:46.936] Adding entry into typings cache: 'sequelize' => 'C:/Users/raisa/AppData/Local/Microsoft/TypeScript/4.6/node_modules/@types/sequelize/index.d.ts'
[23:55:46.939] Adding entry into typings cache: 'serve-static' => 'C:/Users/raisa/AppData/Local/Microsoft/TypeScript/4.6/node_modules/@types/serve-static/index.d.ts'
[23:55:46.941] Adding entry into typings cache: 'sqlite3' => 'C:/Users/raisa/AppData/Local/Microsoft/TypeScript/4.6/node_modules/@types/sqlite3/index.d.ts'
[23:55:46.945] Adding entry into typings cache: 'statuses' => 'C:/Users/raisa/AppData/Local/Microsoft/TypeScript/4.6/node_modules/@types/statuses/index.d.ts'
[23:55:46.949] Adding entry into typings cache: 'strict-uri-encode' => 'C:/Users/raisa/AppData/Local/Microsoft/TypeScript/4.6/node_modules/@types/strict-uri-encode/index.d.ts'
[23:55:46.952] Adding entry into typings cache: 'styled-components' => 'C:/Users/raisa/AppData/Local/Microsoft/TypeScript/4.6/node_modules/@types/styled-components/index.d.ts'
[23:55:46.957] Adding entry into typings cache: 'tailwindcss' => 'C:/Users/raisa/AppData/Local/Microsoft/TypeScript/4.6/node_modules/@types/tailwindcss/index.d.ts'
[23:55:46.963] Adding entry into typings cache: 'testing-library__jest-dom' => 'C:/Users/raisa/AppData/Local/Microsoft/TypeScript/4.6/node_modules/@types/testing-library__jest-dom/index.d.ts'
[23:55:46.967] Adding entry into typings cache: 'tmp' => 'C:/Users/raisa/AppData/Local/Microsoft/TypeScript/4.6/node_modules/@types/tmp/index.d.ts'
[23:55:46.970] Adding entry into typings cache: 'type-is' => 'C:/Users/raisa/AppData/Local/Microsoft/TypeScript/4.6/node_modules/@types/type-is/index.d.ts'
[23:55:46.973] Adding entry into typings cache: 'util-deprecate' => 'C:/Users/raisa/AppData/Local/Microsoft/TypeScript/4.6/node_modules/@types/util-deprecate/index.d.ts'
[23:55:46.976] Adding entry into typings cache: 'utils-merge' => 'C:/Users/raisa/AppData/Local/Microsoft/TypeScript/4.6/node_modules/@types/utils-merge/index.d.ts'
[23:55:46.987] Adding entry into typings cache: 'vary' => 'C:/Users/raisa/AppData/Local/Microsoft/TypeScript/4.6/node_modules/@types/vary/index.d.ts'
[23:55:46.991] Adding entry into typings cache: 'video-react' => 'C:/Users/raisa/AppData/Local/Microsoft/TypeScript/4.6/node_modules/@types/video-react/index.d.ts'
[23:55:46.998] Adding entry into typings cache: 'video.js' => 'C:/Users/raisa/AppData/Local/Microsoft/TypeScript/4.6/node_modules/@types/video.js/index.d.ts'
[23:55:47.009] Adding entry into typings cache: 'webpack' => 'C:/Users/raisa/AppData/Local/Microsoft/TypeScript/4.6/node_modules/webpack/types.d.ts'
[23:55:47.013] Adding entry into typings cache: 'ws' => 'C:/Users/raisa/AppData/Local/Microsoft/TypeScript/4.6/node_modules/@types/ws/index.d.ts'
[23:55:47.016] Adding entry into typings cache: 'xmldom' => 'C:/Users/raisa/AppData/Local/Microsoft/TypeScript/4.6/node_modules/@types/xmldom/index.d.ts'
[23:55:47.020] Adding entry into typings cache: 'youtube-player' => 'C:/Users/raisa/AppData/Local/Microsoft/TypeScript/4.6/node_modules/@types/youtube-player/index.d.ts'
[23:55:47.021] Finished processing cache location 'C:/Users/raisa/AppData/Local/Microsoft/TypeScript/4.6'
[23:55:47.022] Process id: 16736
[23:55:47.022] NPM location: "C:\Program Files\nodejs\npm" (explicit '--npmLocation' not  provided)
[23:55:47.022] validateDefaultNpmLocation: false
[23:55:47.023] Npm config file: C:/Users/raisa/AppData/Local/Microsoft/TypeScript/4.6/package.json
[23:55:47.023] Updating types-registry npm package...
[23:55:47.024] Exec: "C:\Program Files\nodejs\npm" install --ignore-scripts types-registry@latest
[23:55:49.618]     Succeeded. stdout:
    
    up to date, audited 320 packages in 2s

19 packages are looking for funding
  run `npm fund` for details

found 0 vulnerabilities

[23:55:49.619] Updated types-registry npm package
